2026-06-07 16:55:44,182 [INFO] ======================================================================
2026-06-07 16:55:44,182 [INFO] S5.8 survival_extension — KM 延長 (T=10000) + H_frozen/H_transient 判定
2026-06-07 16:55:44,185 [INFO] ======================================================================
2026-06-07 16:55:44,360 [INFO] [sanity] C2 seed=1000: 前半窓 uncensored sample 12 vs 12 — MATCH
2026-06-07 16:55:44,409 [INFO] [sanity] C2 seed=1001: 前半窓 uncensored sample 7 vs 7 — MATCH
2026-06-07 16:55:44,456 [INFO] [sanity] C2 seed=1002: 前半窓 uncensored sample 16 vs 16 — MATCH
2026-06-07 16:55:44,498 [INFO] [sanity] C2 seed=1003: 前半窓 uncensored sample 9 vs 9 — MATCH
2026-06-07 16:55:44,538 [INFO] [sanity] C2 seed=1004: 前半窓 uncensored sample 7 vs 7 — MATCH
2026-06-07 16:55:44,573 [INFO] [sanity] C2 seed=1005: 前半窓 uncensored sample 7 vs 7 — MATCH
2026-06-07 16:55:44,611 [INFO] [sanity] C3 seed=1000: 前半窓 uncensored sample 44 vs 44 — MATCH
2026-06-07 16:55:44,655 [INFO] [sanity] C3 seed=1001: 前半窓 uncensored sample 38 vs 38 — MATCH
2026-06-07 16:55:44,698 [INFO] [sanity] C3 seed=1002: 前半窓 uncensored sample 38 vs 38 — MATCH
2026-06-07 16:55:44,737 [INFO] [sanity] C3 seed=1003: 前半窓 uncensored sample 43 vs 43 — MATCH
2026-06-07 16:55:44,769 [INFO] [sanity] C3 seed=1004: 前半窓 uncensored sample 29 vs 29 — MATCH
2026-06-07 16:55:44,801 [INFO] [sanity] C3 seed=1005: 前半窓 uncensored sample 40 vs 40 — MATCH
2026-06-07 16:55:44,856 [INFO] [load] C2 (C2_T10k): n=658 censoring=91.2% n_seed=6
2026-06-07 16:55:52,549 [INFO] [km] C2 S(1500) = 0.9119 [0.8889, 0.9317]
2026-06-07 16:55:52,549 [INFO] [km] C2 S(2000) = 0.9119 [0.8889, 0.9317]
2026-06-07 16:55:52,549 [INFO] [km] C2 S(3000) = 0.9119 [0.8889, 0.9317]
2026-06-07 16:55:52,550 [INFO] [km] C2 S(5000) = 0.9119 [0.8889, 0.9317]
2026-06-07 16:55:52,550 [INFO] [km] C2 S(7500) = 0.9119 [0.8889, 0.9317]
2026-06-07 16:55:52,550 [INFO] [km] C2 S(9999) = 0.9119 [0.8889, 0.9317]
2026-06-07 16:55:52,551 [INFO] [hazard-ext] C2 [1500,3000]: 0.00e+00/step
2026-06-07 16:55:52,551 [INFO] [hazard-ext] C2 [3000,6000]: 0.00e+00/step
2026-06-07 16:55:52,552 [INFO] [hazard-ext] C2 [6000,9999]: 0.00e+00/step
2026-06-07 16:55:52,610 [INFO] [load] C3 (C3_T10k): n=832 censoring=72.1% n_seed=6
2026-06-07 16:55:57,192 [INFO] [km] C3 S(1500) = 0.7212 [0.7034, 0.7444]
2026-06-07 16:55:57,192 [INFO] [km] C3 S(2000) = 0.7212 [0.7034, 0.7444]
2026-06-07 16:55:57,192 [INFO] [km] C3 S(3000) = 0.7212 [0.7034, 0.7444]
2026-06-07 16:55:57,192 [INFO] [km] C3 S(5000) = 0.7212 [0.7034, 0.7444]
2026-06-07 16:55:57,193 [INFO] [km] C3 S(7500) = 0.7212 [0.7034, 0.7444]
2026-06-07 16:55:57,193 [INFO] [km] C3 S(9999) = 0.7212 [0.7034, 0.7444]
2026-06-07 16:55:57,193 [INFO] [hazard-ext] C3 [1500,3000]: 0.00e+00/step
2026-06-07 16:55:57,193 [INFO] [hazard-ext] C3 [3000,6000]: 0.00e+00/step
2026-06-07 16:55:57,193 [INFO] [hazard-ext] C3 [6000,9999]: 0.00e+00/step
2026-06-07 16:55:58,111 [INFO] [load] C0u (C0u): n=220,339 censoring=4.5% n_seed=100
2026-06-07 16:56:04,836 [INFO] [km] C0u S(1500) = 0.0156 [0.0149, 0.0163]
2026-06-07 16:56:04,836 [INFO] [km] C0u S(2000) = 0.0035 [0.0032, 0.0038]
2026-06-07 16:56:04,836 [INFO] [km] C0u S(3000) = 0.0002 [0.0001, 0.0002]
2026-06-07 16:56:04,837 [INFO] [km] C0u S(5000) = 0.0000 [0.0000, 0.0000]
2026-06-07 16:56:04,837 [INFO] [km] C0u S(7500) = 0.0000 [0.0000, 0.0000]
2026-06-07 16:56:04,837 [INFO] [km] C0u S(9999) = 0.0000 [0.0000, 0.0000]
2026-06-07 16:56:06,336 [INFO] [load] C0p (C0p): n=225,433 censoring=4.4% n_seed=100
2026-06-07 16:56:11,408 [INFO] [km] C0p S(1500) = 0.0156 [0.0150, 0.0163]
2026-06-07 16:56:11,409 [INFO] [km] C0p S(2000) = 0.0035 [0.0032, 0.0038]
2026-06-07 16:56:11,409 [INFO] [km] C0p S(3000) = 0.0002 [0.0001, 0.0003]
2026-06-07 16:56:11,409 [INFO] [km] C0p S(5000) = 0.0000 [0.0000, 0.0000]
2026-06-07 16:56:11,409 [INFO] [km] C0p S(7500) = 0.0000 [0.0000, 0.0000]
2026-06-07 16:56:11,409 [INFO] [km] C0p S(9999) = 0.0000 [0.0000, 0.0000]
2026-06-07 16:56:12,326 [INFO] [agg-full] C0u [1500,5000]: 2.77e-03/step
2026-06-07 16:56:12,326 [INFO] [agg-full] C0u [5000,15000]: 1.38e-03/step
2026-06-07 16:56:12,327 [INFO] [agg-full] C0u [15000,30000]: 0.00e+00/step
2026-06-07 16:56:12,327 [INFO] [agg-full] C0u [30000,49999]: 0.00e+00/step
2026-06-07 16:56:12,327 [INFO] [agg-full] C0u constancy: max/min = 2770904383.75x (≈1 なら extinction まで一定 hazard、T=50000 外挿は妥当) | S(49999) = 0.00e+00
2026-06-07 16:56:12,962 [INFO] [agg-full] C0p [1500,5000]: 2.76e-03/step
2026-06-07 16:56:12,962 [INFO] [agg-full] C0p [5000,15000]: 1.38e-03/step
2026-06-07 16:56:12,962 [INFO] [agg-full] C0p [15000,30000]: 0.00e+00/step
2026-06-07 16:56:12,962 [INFO] [agg-full] C0p [30000,49999]: 0.00e+00/step
2026-06-07 16:56:12,962 [INFO] [agg-full] C0p constancy: max/min = 2763746802.39x (≈1 なら extinction まで一定 hazard、T=50000 外挿は妥当) | S(49999) = 0.00e+00
2026-06-07 16:56:12,962 [INFO] [extrap] C2: h_last=0.00e+00 S(9999)=0.912 → S(50000)≈0.912, gap vs agg ≈ 911,854,103,343x
2026-06-07 16:56:12,963 [INFO] [extrap] C2 segment trend: [0.0, 0.0, 0.0] → decaying→0
2026-06-07 16:56:12,963 [INFO] [extrap] C3: h_last=0.00e+00 S(9999)=0.721 → S(50000)≈0.721, gap vs agg ≈ 721,153,846,154x
2026-06-07 16:56:12,963 [INFO] [extrap] C3 segment trend: [0.0, 0.0, 0.0] → decaying→0
2026-06-07 16:56:12,963 [INFO] [verdict] H_frozen — 全延長区間 hazard ≤ 2e-05 (max=0.00e+00) — S5.7 C2 late-window plateau の継続、T=50000 外挿でも gap 残存 → 凍結は定常。S6 進行 GO、Layer-2-timescale 留保が消える
2026-06-07 16:56:15,809 [INFO] [output] saved: C:\Users\yuito\OneDrive\Documents\GitHub\speculation-game-info\experiments\YH006_1\outputs\figures\fig_S5.8_survival_extension.png
2026-06-07 16:56:15,813 [INFO] [output] saved: C:\Users\yuito\OneDrive\Documents\GitHub\speculation-game-info\experiments\YH006_1\logs\S5.8_summary_for_diff.json
2026-06-07 16:56:15,814 [INFO] ======================================================================
2026-06-07 16:56:15,814 [INFO] S5.8 complete. Verdict: H_frozen
2026-06-07 16:56:15,814 [INFO] ======================================================================
