2026-06-07 12:57:10,549 [INFO] ======================================================================
2026-06-07 12:57:10,549 [INFO] S5.7 survival_analysis — KM S(τ) matched window T=1500
2026-06-07 12:57:10,549 [INFO] ======================================================================
2026-06-07 12:57:11,399 [INFO] [load] C0u: n=39,314 censoring=25.4% (S5.5 期待値 25.4%)
2026-06-07 12:57:12,410 [INFO] [km] C0u S(100) = 0.9207 [0.9172, 0.9243] Λ=0.083
2026-06-07 12:57:12,411 [INFO] [km] C0u S(250) = 0.7204 [0.7127, 0.7279] Λ=0.328
2026-06-07 12:57:12,411 [INFO] [km] C0u S(500) = 0.3718 [0.3631, 0.3807] Λ=0.989
2026-06-07 12:57:12,412 [INFO] [km] C0u S(750) = 0.1721 [0.1650, 0.1795] Λ=1.759
2026-06-07 12:57:12,412 [INFO] [km] C0u S(1000) = 0.0763 [0.0709, 0.0818] Λ=2.573
2026-06-07 12:57:12,413 [INFO] [km] C0u S(1250) = 0.0368 [0.0325, 0.0417] Λ=3.301
2026-06-07 12:57:12,413 [INFO] [km] C0u S(1499) = 0.0175 [0.0145, 0.0210] Λ=4.043
2026-06-07 12:57:13,119 [INFO] [load] C0p: n=44,570 censoring=22.4% (S5.5 期待値 22.4%)
2026-06-07 12:57:13,885 [INFO] [km] C0p S(100) = 0.8385 [0.8355, 0.8416] Λ=0.176
2026-06-07 12:57:13,885 [INFO] [km] C0p S(250) = 0.6288 [0.6230, 0.6347] Λ=0.464
2026-06-07 12:57:13,885 [INFO] [km] C0p S(500) = 0.3130 [0.3061, 0.3202] Λ=1.161
2026-06-07 12:57:13,886 [INFO] [km] C0p S(750) = 0.1409 [0.1354, 0.1466] Λ=1.960
2026-06-07 12:57:13,886 [INFO] [km] C0p S(1000) = 0.0623 [0.0578, 0.0669] Λ=2.777
2026-06-07 12:57:13,886 [INFO] [km] C0p S(1250) = 0.0284 [0.0252, 0.0318] Λ=3.561
2026-06-07 12:57:13,886 [INFO] [km] C0p S(1499) = 0.0127 [0.0101, 0.0153] Λ=4.370
2026-06-07 12:57:14,518 [INFO] [load] C2: n=10,986 censoring=91.0% (S5.5 期待値 91.0%)
2026-06-07 12:57:15,311 [INFO] [km] C2 S(100) = 0.9626 [0.9584, 0.9666] Λ=0.038
2026-06-07 12:57:15,311 [INFO] [km] C2 S(250) = 0.9250 [0.9181, 0.9317] Λ=0.078
2026-06-07 12:57:15,312 [INFO] [km] C2 S(500) = 0.9129 [0.9045, 0.9210] Λ=0.091
2026-06-07 12:57:15,312 [INFO] [km] C2 S(750) = 0.9108 [0.9025, 0.9188] Λ=0.093
2026-06-07 12:57:15,312 [INFO] [km] C2 S(1000) = 0.9102 [0.9019, 0.9184] Λ=0.094
2026-06-07 12:57:15,312 [INFO] [km] C2 S(1250) = 0.9102 [0.9019, 0.9184] Λ=0.094
2026-06-07 12:57:15,312 [INFO] [km] C2 S(1499) = 0.9102 [0.9019, 0.9184] Λ=0.094
2026-06-07 12:57:15,817 [INFO] [load] C3: n=13,691 censoring=73.0% (S5.5 期待値 73.0%)
2026-06-07 12:57:16,712 [INFO] [km] C3 S(100) = 0.8046 [0.7985, 0.8108] Λ=0.217
2026-06-07 12:57:16,712 [INFO] [km] C3 S(250) = 0.7479 [0.7407, 0.7550] Λ=0.291
2026-06-07 12:57:16,712 [INFO] [km] C3 S(500) = 0.7326 [0.7249, 0.7403] Λ=0.311
2026-06-07 12:57:16,712 [INFO] [km] C3 S(750) = 0.7308 [0.7231, 0.7386] Λ=0.314
2026-06-07 12:57:16,713 [INFO] [km] C3 S(1000) = 0.7306 [0.7230, 0.7384] Λ=0.314
2026-06-07 12:57:16,713 [INFO] [km] C3 S(1250) = 0.7304 [0.7228, 0.7382] Λ=0.314
2026-06-07 12:57:16,713 [INFO] [km] C3 S(1499) = 0.7304 [0.7228, 0.7382] Λ=0.314
2026-06-07 12:57:16,724 [INFO] [output] saved: C:\Users\yuito\OneDrive\Documents\GitHub\speculation-game-info\experiments\YH006_1\outputs\tables\tab_S5.7_survival_matched.csv (28 rows)
2026-06-07 12:57:19,313 [INFO] [output] saved: C:\Users\yuito\OneDrive\Documents\GitHub\speculation-game-info\experiments\YH006_1\outputs\figures\fig_S5.7_survival_curves.png
2026-06-07 12:57:19,313 [INFO] [headline] matched S(1499): C0u=0.0175, C0p=0.0127, C2=0.9102, C3=0.7304 | gap uniform=52x pareto=58x
2026-06-07 12:57:19,316 [INFO] [output] saved: C:\Users\yuito\OneDrive\Documents\GitHub\speculation-game-info\experiments\YH006_1\logs\S5.7_summary_for_diff.json
2026-06-07 12:57:19,316 [INFO] ======================================================================
2026-06-07 12:57:19,316 [INFO] S5.7 complete.
2026-06-07 12:57:19,316 [INFO] ======================================================================
