2026-06-07 16:59:18,230 [INFO] ======================================================================
2026-06-07 16:59:18,231 [INFO] S5.8 survival_extension — KM 延長 (T=10000) + H_frozen/H_transient 判定
2026-06-07 16:59:18,231 [INFO] ======================================================================
2026-06-07 16:59:18,365 [INFO] [sanity] C2 seed=1000: 前半窓 uncensored sample 12 vs 12 — MATCH
2026-06-07 16:59:18,382 [INFO] [sanity] C2 seed=1001: 前半窓 uncensored sample 7 vs 7 — MATCH
2026-06-07 16:59:18,403 [INFO] [sanity] C2 seed=1002: 前半窓 uncensored sample 16 vs 16 — MATCH
2026-06-07 16:59:18,426 [INFO] [sanity] C2 seed=1003: 前半窓 uncensored sample 9 vs 9 — MATCH
2026-06-07 16:59:18,444 [INFO] [sanity] C2 seed=1004: 前半窓 uncensored sample 7 vs 7 — MATCH
2026-06-07 16:59:18,460 [INFO] [sanity] C2 seed=1005: 前半窓 uncensored sample 7 vs 7 — MATCH
2026-06-07 16:59:18,480 [INFO] [sanity] C3 seed=1000: 前半窓 uncensored sample 44 vs 44 — MATCH
2026-06-07 16:59:18,496 [INFO] [sanity] C3 seed=1001: 前半窓 uncensored sample 38 vs 38 — MATCH
2026-06-07 16:59:18,509 [INFO] [sanity] C3 seed=1002: 前半窓 uncensored sample 38 vs 38 — MATCH
2026-06-07 16:59:18,523 [INFO] [sanity] C3 seed=1003: 前半窓 uncensored sample 43 vs 43 — MATCH
2026-06-07 16:59:18,536 [INFO] [sanity] C3 seed=1004: 前半窓 uncensored sample 29 vs 29 — MATCH
2026-06-07 16:59:18,549 [INFO] [sanity] C3 seed=1005: 前半窓 uncensored sample 40 vs 40 — MATCH
2026-06-07 16:59:18,601 [INFO] [load] C2 (C2_T10k): n=658 censoring=91.2% n_seed=6
2026-06-07 16:59:24,652 [INFO] [km] C2 S(1500) = 0.9119 [0.8889, 0.9317]
2026-06-07 16:59:24,652 [INFO] [km] C2 S(2000) = 0.9119 [0.8889, 0.9317]
2026-06-07 16:59:24,652 [INFO] [km] C2 S(3000) = 0.9119 [0.8889, 0.9317]
2026-06-07 16:59:24,652 [INFO] [km] C2 S(5000) = 0.9119 [0.8889, 0.9317]
2026-06-07 16:59:24,653 [INFO] [km] C2 S(7500) = 0.9119 [0.8889, 0.9317]
2026-06-07 16:59:24,653 [INFO] [km] C2 S(9999) = 0.9119 [0.8889, 0.9317]
2026-06-07 16:59:24,653 [INFO] [hazard-ext] C2 [1500,3000]: 0.00e+00/step
2026-06-07 16:59:24,654 [INFO] [hazard-ext] C2 [3000,6000]: 0.00e+00/step
2026-06-07 16:59:24,654 [INFO] [hazard-ext] C2 [6000,9999]: 0.00e+00/step
2026-06-07 16:59:24,707 [INFO] [load] C3 (C3_T10k): n=832 censoring=72.1% n_seed=6
2026-06-07 16:59:30,549 [INFO] [km] C3 S(1500) = 0.7212 [0.7034, 0.7444]
2026-06-07 16:59:30,550 [INFO] [km] C3 S(2000) = 0.7212 [0.7034, 0.7444]
2026-06-07 16:59:30,550 [INFO] [km] C3 S(3000) = 0.7212 [0.7034, 0.7444]
2026-06-07 16:59:30,550 [INFO] [km] C3 S(5000) = 0.7212 [0.7034, 0.7444]
2026-06-07 16:59:30,550 [INFO] [km] C3 S(7500) = 0.7212 [0.7034, 0.7444]
2026-06-07 16:59:30,551 [INFO] [km] C3 S(9999) = 0.7212 [0.7034, 0.7444]
2026-06-07 16:59:30,551 [INFO] [hazard-ext] C3 [1500,3000]: 0.00e+00/step
2026-06-07 16:59:30,551 [INFO] [hazard-ext] C3 [3000,6000]: 0.00e+00/step
2026-06-07 16:59:30,551 [INFO] [hazard-ext] C3 [6000,9999]: 0.00e+00/step
2026-06-07 16:59:31,660 [INFO] [load] C0u (C0u): n=220,339 censoring=4.5% n_seed=100
2026-06-07 16:59:37,722 [INFO] [km] C0u S(1500) = 0.0156 [0.0149, 0.0163]
2026-06-07 16:59:37,722 [INFO] [km] C0u S(2000) = 0.0035 [0.0032, 0.0038]
2026-06-07 16:59:37,723 [INFO] [km] C0u S(3000) = 0.0002 [0.0001, 0.0002]
2026-06-07 16:59:37,723 [INFO] [km] C0u S(5000) = 0.0000 [0.0000, 0.0000]
2026-06-07 16:59:37,723 [INFO] [km] C0u S(7500) = 0.0000 [0.0000, 0.0000]
2026-06-07 16:59:37,724 [INFO] [km] C0u S(9999) = 0.0000 [0.0000, 0.0000]
2026-06-07 16:59:38,940 [INFO] [load] C0p (C0p): n=225,433 censoring=4.4% n_seed=100
2026-06-07 16:59:45,582 [INFO] [km] C0p S(1500) = 0.0156 [0.0150, 0.0163]
2026-06-07 16:59:45,583 [INFO] [km] C0p S(2000) = 0.0035 [0.0032, 0.0038]
2026-06-07 16:59:45,583 [INFO] [km] C0p S(3000) = 0.0002 [0.0001, 0.0003]
2026-06-07 16:59:45,583 [INFO] [km] C0p S(5000) = 0.0000 [0.0000, 0.0000]
2026-06-07 16:59:45,583 [INFO] [km] C0p S(7500) = 0.0000 [0.0000, 0.0000]
2026-06-07 16:59:45,584 [INFO] [km] C0p S(9999) = 0.0000 [0.0000, 0.0000]
2026-06-07 16:59:46,887 [INFO] [agg-full] C0u [1500,2000]: 2.97e-03/step
2026-06-07 16:59:46,888 [INFO] [agg-full] C0u [2000,3000]: 2.86e-03/step
2026-06-07 16:59:46,888 [INFO] [agg-full] C0u [3000,5000]: 2.68e-03/step
2026-06-07 16:59:46,888 [INFO] [agg-full] C0u constancy (cohort 生存区間のみ): max/min = 1.11x | S(49999) = 0.00e+00 (τ≳6000 で cohort 絶滅 — uncensored max lifetime 5748)
2026-06-07 16:59:48,349 [INFO] [agg-full] C0p [1500,2000]: 2.93e-03/step
2026-06-07 16:59:48,350 [INFO] [agg-full] C0p [2000,3000]: 2.68e-03/step
2026-06-07 16:59:48,350 [INFO] [agg-full] C0p [3000,5000]: 2.77e-03/step
2026-06-07 16:59:48,350 [INFO] [agg-full] C0p constancy (cohort 生存区間のみ): max/min = 1.09x | S(49999) = 0.00e+00 (τ≳6000 で cohort 絶滅 — uncensored max lifetime 5748)
2026-06-07 16:59:48,419 [INFO] [extrap] C2: events=0 / exposure=5,091,031 agent-steps → h_95UB=5.89e-07/step (frozen 閾値 2e-5 の 34 分の 1)
2026-06-07 16:59:48,420 [INFO] [extrap] C2: S(50000) ≥ 0.891 (95% UB hazard でも) vs agg = extinct → gap は Katahira スケールで non-degenerate (比は agg≈0 のため定義不能、『LOB 残存 vs agg 絶滅』として報告)
2026-06-07 16:59:48,470 [INFO] [extrap] C3: events=0 / exposure=5,082,856 agent-steps → h_95UB=5.90e-07/step (frozen 閾値 2e-5 の 34 分の 1)
2026-06-07 16:59:48,470 [INFO] [extrap] C3: S(50000) ≥ 0.704 (95% UB hazard でも) vs agg = extinct → gap は Katahira スケールで non-degenerate (比は agg≈0 のため定義不能、『LOB 残存 vs agg 絶滅』として報告)
2026-06-07 16:59:48,470 [INFO] [verdict] H_frozen — 全延長区間 hazard ≤ 2e-05 (max=0.00e+00) — S5.7 C2 late-window plateau の継続、T=50000 外挿でも gap 残存 → 凍結は定常。S6 進行 GO、Layer-2-timescale 留保が消える
2026-06-07 16:59:54,222 [INFO] [output] saved: C:\Users\yuito\OneDrive\Documents\GitHub\speculation-game-info\experiments\YH006_1\outputs\figures\fig_S5.8_survival_extension.png
2026-06-07 16:59:54,229 [INFO] [output] saved: C:\Users\yuito\OneDrive\Documents\GitHub\speculation-game-info\experiments\YH006_1\logs\S5.8_summary_for_diff.json
2026-06-07 16:59:54,229 [INFO] ======================================================================
2026-06-07 16:59:54,230 [INFO] S5.8 complete. Verdict: H_frozen
2026-06-07 16:59:54,230 [INFO] ======================================================================
